<?xml version="1.0" encoding="UTF-8"?>
<!-- Generated by org.testng.reporters.JUnitReportReporter -->
<testsuite hostname="Madhusudhans-MacBook-Pro.local" failures="0" tests="1" name="tests.SampleTest" time="17.019" errors="0" timestamp="2024-04-24T22:34:05 IST" skipped="0">
  <testcase classname="tests.SampleTest" name="sampleTest" time="17.019"/>
</testsuite> <!-- tests.SampleTest -->
