<?xml version="1.0" encoding="UTF-8"?>
<!-- Generated by org.testng.reporters.JUnitReportReporter -->
<testsuite hostname="Madhusudhans-MacBook-Pro.local" failures="0" tests="1" name="tests.WalletTest" time="17.562" errors="0" timestamp="2024-04-25T00:20:02 IST" skipped="0">
  <testcase classname="tests.WalletTest" name="createWallet" time="17.562"/>
</testsuite> <!-- tests.WalletTest -->
