<?xml version="1.0" encoding="UTF-8"?>
<!-- Generated by org.testng.reporters.JUnitReportReporter -->
<testsuite hostname="Madhusudhans-MacBook-Pro.local" failures="0" tests="1" name="com.trust.tests.WalletTest" time="20.424" errors="0" timestamp="2024-04-25T01:09:28 IST" skipped="0">
  <testcase classname="com.trust.tests.WalletTest" name="createWallet" time="20.424"/>
</testsuite> <!-- com.trust.tests.WalletTest -->
